<?xml version="1.0" encoding="UTF-8"?>
<testng-results ignored="0" total="8" passed="4" failed="4" skipped="0">
  <reporter-output>
  </reporter-output>
  <suite started-at="2025-11-19T13:41:08 IST" name="Ecom_Master_Suite" finished-at="2025-11-19T13:41:54 IST" duration-ms="46094">
    <groups>
      <group name="Functional">
        <method signature="Ecom_TC001_HomePage.landingPage()[pri:0, instance:ecom.testcase.Ecom_TC001_HomePage@15de0b3c]" name="landingPage" class="ecom.testcase.Ecom_TC001_HomePage"/>
        <method signature="Ecom_TC002_Login_Page.login()[pri:0, instance:ecom.testcase.Ecom_TC002_Login_Page@3bf7ca37]" name="login" class="ecom.testcase.Ecom_TC002_Login_Page"/>
      </group> <!-- Functional -->
      <group name="Sanity">
        <method signature="Ecom_TC001_HomePage.landingPage()[pri:0, instance:ecom.testcase.Ecom_TC001_HomePage@15de0b3c]" name="landingPage" class="ecom.testcase.Ecom_TC001_HomePage"/>
      </group> <!-- Sanity -->
      <group name="DDT">
        <method signature="Ecom_TC003_Login_DDT.LoginDDT(java.lang.String,java.lang.String,java.lang.String)[pri:0, instance:ecom.testcase.Ecom_TC003_Login_DDT@79079097]" name="LoginDDT" class="ecom.testcase.Ecom_TC003_Login_DDT"/>
      </group> <!-- DDT -->
      <group name="Regression">
        <method signature="Ecom_TC002_Login_Page.login()[pri:0, instance:ecom.testcase.Ecom_TC002_Login_Page@3bf7ca37]" name="login" class="ecom.testcase.Ecom_TC002_Login_Page"/>
      </group> <!-- Regression -->
    </groups>
    <test started-at="2025-11-19T13:41:08 IST" name="Ecom_Tests_Suite" finished-at="2025-11-19T13:41:54 IST" duration-ms="46094">
      <class name="ecom.testcase.Ecom_TC002_Login_Page">
        <test-method is-config="true" signature="launchBrowser()[pri:0, instance:ecom.testcase.Ecom_TC002_Login_Page@3bf7ca37]" started-at="2025-11-19T13:41:15 IST" name="launchBrowser" finished-at="2025-11-19T13:41:18 IST" duration-ms="2395" status="PASS">
          <reporter-output>
          </reporter-output>
        </test-method> <!-- launchBrowser -->
        <test-method signature="login()[pri:0, instance:ecom.testcase.Ecom_TC002_Login_Page@3bf7ca37]" started-at="2025-11-19T13:41:18 IST" name="login" finished-at="2025-11-19T13:41:20 IST" duration-ms="2075" status="PASS">
          <reporter-output>
          </reporter-output>
        </test-method> <!-- login -->
        <test-method is-config="true" signature="closeBrowser()[pri:0, instance:ecom.testcase.Ecom_TC002_Login_Page@3bf7ca37]" started-at="2025-11-19T13:41:20 IST" name="closeBrowser" finished-at="2025-11-19T13:41:20 IST" duration-ms="341" status="PASS">
          <reporter-output>
          </reporter-output>
        </test-method> <!-- closeBrowser -->
      </class> <!-- ecom.testcase.Ecom_TC002_Login_Page -->
      <class name="ecom.testcase.Ecom_TC003_Login_DDT">
        <test-method is-config="true" signature="launchBrowser()[pri:0, instance:ecom.testcase.Ecom_TC003_Login_DDT@79079097]" started-at="2025-11-19T13:41:20 IST" name="launchBrowser" finished-at="2025-11-19T13:41:23 IST" duration-ms="2495" status="PASS">
          <reporter-output>
          </reporter-output>
        </test-method> <!-- launchBrowser -->
        <test-method signature="LoginDDT(java.lang.String,java.lang.String,java.lang.String)[pri:0, instance:ecom.testcase.Ecom_TC003_Login_DDT@79079097]" started-at="2025-11-19T13:41:24 IST" name="LoginDDT" data-provider="xlsxdata" finished-at="2025-11-19T13:41:27 IST" duration-ms="2323" status="PASS">
          <params>
            <param index="0">
              <value>
                <![CDATA[mohanguru@gmail.com]]>
              </value>
            </param>
            <param index="1">
              <value>
                <![CDATA[qafox@7mg]]>
              </value>
            </param>
            <param index="2">
              <value>
                <![CDATA[Valid]]>
              </value>
            </param>
          </params>
          <reporter-output>
          </reporter-output>
        </test-method> <!-- LoginDDT -->
        <test-method signature="LoginDDT(java.lang.String,java.lang.String,java.lang.String)[pri:0, instance:ecom.testcase.Ecom_TC003_Login_DDT@79079097]" started-at="2025-11-19T13:41:27 IST" name="LoginDDT" data-provider="xlsxdata" finished-at="2025-11-19T13:41:33 IST" duration-ms="5977" status="FAIL">
          <params>
            <param index="0">
              <value>
                <![CDATA[training@gmail.com]]>
              </value>
            </param>
            <param index="1">
              <value>
                <![CDATA[test@123]]>
              </value>
            </param>
            <param index="2">
              <value>
                <![CDATA[Invalid]]>
              </value>
            </param>
          </params>
          <exception class="java.lang.AssertionError">
            <message>
              <![CDATA[Login Failed - My Account not displayed...]]>
            </message>
            <full-stacktrace>
              <![CDATA[java.lang.AssertionError: Login Failed - My Account not displayed...
at org.testng.Assert.fail(Assert.java:111)
at ecom.testcase.Ecom_TC003_Login_DDT.LoginDDT(Ecom_TC003_Login_DDT.java:49)
at java.base/jdk.internal.reflect.NativeMethodAccessorImpl.invoke0(Native Method)
at java.base/jdk.internal.reflect.NativeMethodAccessorImpl.invoke(NativeMethodAccessorImpl.java:77)
at java.base/jdk.internal.reflect.DelegatingMethodAccessorImpl.invoke(DelegatingMethodAccessorImpl.java:43)
at java.base/java.lang.reflect.Method.invoke(Method.java:569)
at org.testng.internal.invokers.MethodInvocationHelper.invokeMethod(MethodInvocationHelper.java:141)
at org.testng.internal.invokers.TestInvoker.invokeMethod(TestInvoker.java:687)
at org.testng.internal.invokers.TestInvoker.invokeTestMethod(TestInvoker.java:230)
at org.testng.internal.invokers.MethodRunner.runInSequence(MethodRunner.java:63)
at org.testng.internal.invokers.TestInvoker$MethodInvocationAgent.invoke(TestInvoker.java:995)
at org.testng.internal.invokers.TestInvoker.invokeTestMethods(TestInvoker.java:203)
at org.testng.internal.invokers.TestMethodWorker.invokeTestMethods(TestMethodWorker.java:154)
at org.testng.internal.invokers.TestMethodWorker.run(TestMethodWorker.java:134)
at java.base/java.util.ArrayList.forEach(ArrayList.java:1511)
at org.testng.TestRunner.privateRun(TestRunner.java:741)
at org.testng.TestRunner.run(TestRunner.java:616)
at org.testng.SuiteRunner.runTest(SuiteRunner.java:421)
at org.testng.SuiteRunner.runSequentially(SuiteRunner.java:413)
at org.testng.SuiteRunner.privateRun(SuiteRunner.java:373)
at org.testng.SuiteRunner.run(SuiteRunner.java:312)
at org.testng.SuiteRunnerWorker.runSuite(SuiteRunnerWorker.java:52)
at org.testng.SuiteRunnerWorker.run(SuiteRunnerWorker.java:95)
at org.testng.TestNG.runSuitesSequentially(TestNG.java:1274)
at org.testng.TestNG.runSuitesLocally(TestNG.java:1208)
at org.testng.TestNG.runSuites(TestNG.java:1112)
at org.testng.TestNG.run(TestNG.java:1079)
at org.testng.remote.AbstractRemoteTestNG.run(AbstractRemoteTestNG.java:115)
at org.testng.remote.RemoteTestNG.initAndRun(RemoteTestNG.java:293)
at org.testng.remote.RemoteTestNG.main(RemoteTestNG.java:91)
]]>
            </full-stacktrace>
          </exception> <!-- java.lang.AssertionError -->
          <reporter-output>
          </reporter-output>
        </test-method> <!-- LoginDDT -->
        <test-method signature="LoginDDT(java.lang.String,java.lang.String,java.lang.String)[pri:0, instance:ecom.testcase.Ecom_TC003_Login_DDT@79079097]" started-at="2025-11-19T13:41:33 IST" name="LoginDDT" data-provider="xlsxdata" finished-at="2025-11-19T13:41:39 IST" duration-ms="6332" status="FAIL">
          <params>
            <param index="0">
              <value>
                <![CDATA[dummy01@yahoo.com]]>
              </value>
            </param>
            <param index="1">
              <value>
                <![CDATA[dummy01]]>
              </value>
            </param>
            <param index="2">
              <value>
                <![CDATA[Invalid]]>
              </value>
            </param>
          </params>
          <exception class="java.lang.AssertionError">
            <message>
              <![CDATA[Login Failed - My Account not displayed...]]>
            </message>
            <full-stacktrace>
              <![CDATA[java.lang.AssertionError: Login Failed - My Account not displayed...
at org.testng.Assert.fail(Assert.java:111)
at ecom.testcase.Ecom_TC003_Login_DDT.LoginDDT(Ecom_TC003_Login_DDT.java:49)
at java.base/jdk.internal.reflect.NativeMethodAccessorImpl.invoke0(Native Method)
at java.base/jdk.internal.reflect.NativeMethodAccessorImpl.invoke(NativeMethodAccessorImpl.java:77)
at java.base/jdk.internal.reflect.DelegatingMethodAccessorImpl.invoke(DelegatingMethodAccessorImpl.java:43)
at java.base/java.lang.reflect.Method.invoke(Method.java:569)
at org.testng.internal.invokers.MethodInvocationHelper.invokeMethod(MethodInvocationHelper.java:141)
at org.testng.internal.invokers.TestInvoker.invokeMethod(TestInvoker.java:687)
at org.testng.internal.invokers.TestInvoker.invokeTestMethod(TestInvoker.java:230)
at org.testng.internal.invokers.MethodRunner.runInSequence(MethodRunner.java:63)
at org.testng.internal.invokers.TestInvoker$MethodInvocationAgent.invoke(TestInvoker.java:995)
at org.testng.internal.invokers.TestInvoker.invokeTestMethods(TestInvoker.java:203)
at org.testng.internal.invokers.TestMethodWorker.invokeTestMethods(TestMethodWorker.java:154)
at org.testng.internal.invokers.TestMethodWorker.run(TestMethodWorker.java:134)
at java.base/java.util.ArrayList.forEach(ArrayList.java:1511)
at org.testng.TestRunner.privateRun(TestRunner.java:741)
at org.testng.TestRunner.run(TestRunner.java:616)
at org.testng.SuiteRunner.runTest(SuiteRunner.java:421)
at org.testng.SuiteRunner.runSequentially(SuiteRunner.java:413)
at org.testng.SuiteRunner.privateRun(SuiteRunner.java:373)
at org.testng.SuiteRunner.run(SuiteRunner.java:312)
at org.testng.SuiteRunnerWorker.runSuite(SuiteRunnerWorker.java:52)
at org.testng.SuiteRunnerWorker.run(SuiteRunnerWorker.java:95)
at org.testng.TestNG.runSuitesSequentially(TestNG.java:1274)
at org.testng.TestNG.runSuitesLocally(TestNG.java:1208)
at org.testng.TestNG.runSuites(TestNG.java:1112)
at org.testng.TestNG.run(TestNG.java:1079)
at org.testng.remote.AbstractRemoteTestNG.run(AbstractRemoteTestNG.java:115)
at org.testng.remote.RemoteTestNG.initAndRun(RemoteTestNG.java:293)
at org.testng.remote.RemoteTestNG.main(RemoteTestNG.java:91)
]]>
            </full-stacktrace>
          </exception> <!-- java.lang.AssertionError -->
          <reporter-output>
          </reporter-output>
        </test-method> <!-- LoginDDT -->
        <test-method signature="LoginDDT(java.lang.String,java.lang.String,java.lang.String)[pri:0, instance:ecom.testcase.Ecom_TC003_Login_DDT@79079097]" started-at="2025-11-19T13:41:39 IST" name="LoginDDT" data-provider="xlsxdata" finished-at="2025-11-19T13:41:45 IST" duration-ms="5882" status="FAIL">
          <params>
            <param index="0">
              <value>
                <![CDATA[dumy02@yahoo.com]]>
              </value>
            </param>
            <param index="1">
              <value>
                <![CDATA[dumy02]]>
              </value>
            </param>
            <param index="2">
              <value>
                <![CDATA[Invalid]]>
              </value>
            </param>
          </params>
          <exception class="java.lang.AssertionError">
            <message>
              <![CDATA[Login Failed - My Account not displayed...]]>
            </message>
            <full-stacktrace>
              <![CDATA[java.lang.AssertionError: Login Failed - My Account not displayed...
at org.testng.Assert.fail(Assert.java:111)
at ecom.testcase.Ecom_TC003_Login_DDT.LoginDDT(Ecom_TC003_Login_DDT.java:49)
at java.base/jdk.internal.reflect.NativeMethodAccessorImpl.invoke0(Native Method)
at java.base/jdk.internal.reflect.NativeMethodAccessorImpl.invoke(NativeMethodAccessorImpl.java:77)
at java.base/jdk.internal.reflect.DelegatingMethodAccessorImpl.invoke(DelegatingMethodAccessorImpl.java:43)
at java.base/java.lang.reflect.Method.invoke(Method.java:569)
at org.testng.internal.invokers.MethodInvocationHelper.invokeMethod(MethodInvocationHelper.java:141)
at org.testng.internal.invokers.TestInvoker.invokeMethod(TestInvoker.java:687)
at org.testng.internal.invokers.TestInvoker.invokeTestMethod(TestInvoker.java:230)
at org.testng.internal.invokers.MethodRunner.runInSequence(MethodRunner.java:63)
at org.testng.internal.invokers.TestInvoker$MethodInvocationAgent.invoke(TestInvoker.java:995)
at org.testng.internal.invokers.TestInvoker.invokeTestMethods(TestInvoker.java:203)
at org.testng.internal.invokers.TestMethodWorker.invokeTestMethods(TestMethodWorker.java:154)
at org.testng.internal.invokers.TestMethodWorker.run(TestMethodWorker.java:134)
at java.base/java.util.ArrayList.forEach(ArrayList.java:1511)
at org.testng.TestRunner.privateRun(TestRunner.java:741)
at org.testng.TestRunner.run(TestRunner.java:616)
at org.testng.SuiteRunner.runTest(SuiteRunner.java:421)
at org.testng.SuiteRunner.runSequentially(SuiteRunner.java:413)
at org.testng.SuiteRunner.privateRun(SuiteRunner.java:373)
at org.testng.SuiteRunner.run(SuiteRunner.java:312)
at org.testng.SuiteRunnerWorker.runSuite(SuiteRunnerWorker.java:52)
at org.testng.SuiteRunnerWorker.run(SuiteRunnerWorker.java:95)
at org.testng.TestNG.runSuitesSequentially(TestNG.java:1274)
at org.testng.TestNG.runSuitesLocally(TestNG.java:1208)
at org.testng.TestNG.runSuites(TestNG.java:1112)
at org.testng.TestNG.run(TestNG.java:1079)
at org.testng.remote.AbstractRemoteTestNG.run(AbstractRemoteTestNG.java:115)
at org.testng.remote.RemoteTestNG.initAndRun(RemoteTestNG.java:293)
at org.testng.remote.RemoteTestNG.main(RemoteTestNG.java:91)
]]>
            </full-stacktrace>
          </exception> <!-- java.lang.AssertionError -->
          <reporter-output>
          </reporter-output>
        </test-method> <!-- LoginDDT -->
        <test-method signature="LoginDDT(java.lang.String,java.lang.String,java.lang.String)[pri:0, instance:ecom.testcase.Ecom_TC003_Login_DDT@79079097]" started-at="2025-11-19T13:41:45 IST" name="LoginDDT" data-provider="xlsxdata" finished-at="2025-11-19T13:41:51 IST" duration-ms="6211" status="FAIL">
          <params>
            <param index="0">
              <value>
                <![CDATA[dummy03@yahoo.com]]>
              </value>
            </param>
            <param index="1">
              <value>
                <![CDATA[xyz]]>
              </value>
            </param>
            <param index="2">
              <value>
                <![CDATA[Invalid]]>
              </value>
            </param>
          </params>
          <exception class="java.lang.AssertionError">
            <message>
              <![CDATA[Login Failed - My Account not displayed...]]>
            </message>
            <full-stacktrace>
              <![CDATA[java.lang.AssertionError: Login Failed - My Account not displayed...
at org.testng.Assert.fail(Assert.java:111)
at ecom.testcase.Ecom_TC003_Login_DDT.LoginDDT(Ecom_TC003_Login_DDT.java:49)
at java.base/jdk.internal.reflect.NativeMethodAccessorImpl.invoke0(Native Method)
at java.base/jdk.internal.reflect.NativeMethodAccessorImpl.invoke(NativeMethodAccessorImpl.java:77)
at java.base/jdk.internal.reflect.DelegatingMethodAccessorImpl.invoke(DelegatingMethodAccessorImpl.java:43)
at java.base/java.lang.reflect.Method.invoke(Method.java:569)
at org.testng.internal.invokers.MethodInvocationHelper.invokeMethod(MethodInvocationHelper.java:141)
at org.testng.internal.invokers.TestInvoker.invokeMethod(TestInvoker.java:687)
at org.testng.internal.invokers.TestInvoker.invokeTestMethod(TestInvoker.java:230)
at org.testng.internal.invokers.MethodRunner.runInSequence(MethodRunner.java:63)
at org.testng.internal.invokers.TestInvoker$MethodInvocationAgent.invoke(TestInvoker.java:995)
at org.testng.internal.invokers.TestInvoker.invokeTestMethods(TestInvoker.java:203)
at org.testng.internal.invokers.TestMethodWorker.invokeTestMethods(TestMethodWorker.java:154)
at org.testng.internal.invokers.TestMethodWorker.run(TestMethodWorker.java:134)
at java.base/java.util.ArrayList.forEach(ArrayList.java:1511)
at org.testng.TestRunner.privateRun(TestRunner.java:741)
at org.testng.TestRunner.run(TestRunner.java:616)
at org.testng.SuiteRunner.runTest(SuiteRunner.java:421)
at org.testng.SuiteRunner.runSequentially(SuiteRunner.java:413)
at org.testng.SuiteRunner.privateRun(SuiteRunner.java:373)
at org.testng.SuiteRunner.run(SuiteRunner.java:312)
at org.testng.SuiteRunnerWorker.runSuite(SuiteRunnerWorker.java:52)
at org.testng.SuiteRunnerWorker.run(SuiteRunnerWorker.java:95)
at org.testng.TestNG.runSuitesSequentially(TestNG.java:1274)
at org.testng.TestNG.runSuitesLocally(TestNG.java:1208)
at org.testng.TestNG.runSuites(TestNG.java:1112)
at org.testng.TestNG.run(TestNG.java:1079)
at org.testng.remote.AbstractRemoteTestNG.run(AbstractRemoteTestNG.java:115)
at org.testng.remote.RemoteTestNG.initAndRun(RemoteTestNG.java:293)
at org.testng.remote.RemoteTestNG.main(RemoteTestNG.java:91)
]]>
            </full-stacktrace>
          </exception> <!-- java.lang.AssertionError -->
          <reporter-output>
          </reporter-output>
        </test-method> <!-- LoginDDT -->
        <test-method signature="LoginDDT(java.lang.String,java.lang.String,java.lang.String)[pri:0, instance:ecom.testcase.Ecom_TC003_Login_DDT@79079097]" started-at="2025-11-19T13:41:51 IST" name="LoginDDT" data-provider="xlsxdata" finished-at="2025-11-19T13:41:53 IST" duration-ms="2067" status="PASS">
          <params>
            <param index="0">
              <value>
                <![CDATA[abc123@gmail.com]]>
              </value>
            </param>
            <param index="1">
              <value>
                <![CDATA[test@123]]>
              </value>
            </param>
            <param index="2">
              <value>
                <![CDATA[Valid]]>
              </value>
            </param>
          </params>
          <reporter-output>
          </reporter-output>
        </test-method> <!-- LoginDDT -->
        <test-method is-config="true" signature="closeBrowser()[pri:0, instance:ecom.testcase.Ecom_TC003_Login_DDT@79079097]" started-at="2025-11-19T13:41:53 IST" name="closeBrowser" finished-at="2025-11-19T13:41:54 IST" duration-ms="428" status="PASS">
          <reporter-output>
          </reporter-output>
        </test-method> <!-- closeBrowser -->
      </class> <!-- ecom.testcase.Ecom_TC003_Login_DDT -->
      <class name="ecom.testcase.Ecom_TC001_HomePage">
        <test-method is-config="true" signature="launchBrowser()[pri:0, instance:ecom.testcase.Ecom_TC001_HomePage@15de0b3c]" started-at="2025-11-19T13:41:08 IST" name="launchBrowser" finished-at="2025-11-19T13:41:14 IST" duration-ms="5844" status="PASS">
          <reporter-output>
          </reporter-output>
        </test-method> <!-- launchBrowser -->
        <test-method signature="landingPage()[pri:0, instance:ecom.testcase.Ecom_TC001_HomePage@15de0b3c]" started-at="2025-11-19T13:41:14 IST" name="landingPage" finished-at="2025-11-19T13:41:15 IST" duration-ms="762" status="PASS">
          <reporter-output>
          </reporter-output>
        </test-method> <!-- landingPage -->
        <test-method is-config="true" signature="closeBrowser()[pri:0, instance:ecom.testcase.Ecom_TC001_HomePage@15de0b3c]" started-at="2025-11-19T13:41:15 IST" name="closeBrowser" finished-at="2025-11-19T13:41:15 IST" duration-ms="426" status="PASS">
          <reporter-output>
          </reporter-output>
        </test-method> <!-- closeBrowser -->
      </class> <!-- ecom.testcase.Ecom_TC001_HomePage -->
    </test> <!-- Ecom_Tests_Suite -->
  </suite> <!-- Ecom_Master_Suite -->
</testng-results>
