<?xml version="1.0" encoding="UTF-8"?>
<!-- Generated by org.testng.reporters.JUnitXMLReporter -->
<testsuite ignored="0" hostname="Mohan-PC" failures="4" tests="8" name="Ecom_Tests_Suite" time="46.094" errors="0" timestamp="2025-11-19T13:41:56 IST">
  <testcase classname="ecom.testcase.Ecom_TC001_HomePage" name="landingPage" time="0.762"/>
  <testcase classname="ecom.testcase.Ecom_TC002_Login_Page" name="login" time="2.075"/>
  <testcase classname="ecom.testcase.Ecom_TC003_Login_DDT" name="LoginDDT" time="2.323"/>
  <testcase classname="ecom.testcase.Ecom_TC003_Login_DDT" name="LoginDDT" time="5.977">
    <failure type="java.lang.AssertionError" message="Login Failed - My Account not displayed...">
      <![CDATA[java.lang.AssertionError: Login Failed - My Account not displayed...
at ecom.testcase.Ecom_TC003_Login_DDT.LoginDDT(Ecom_TC003_Login_DDT.java:49)
at java.base/java.util.ArrayList.forEach(ArrayList.java:1511)
... Removed 28 stack frames]]>
    </failure>
  </testcase> <!-- LoginDDT -->
  <testcase classname="ecom.testcase.Ecom_TC003_Login_DDT" name="LoginDDT" time="6.332">
    <failure type="java.lang.AssertionError" message="Login Failed - My Account not displayed...">
      <![CDATA[java.lang.AssertionError: Login Failed - My Account not displayed...
at ecom.testcase.Ecom_TC003_Login_DDT.LoginDDT(Ecom_TC003_Login_DDT.java:49)
at java.base/java.util.ArrayList.forEach(ArrayList.java:1511)
... Removed 28 stack frames]]>
    </failure>
  </testcase> <!-- LoginDDT -->
  <testcase classname="ecom.testcase.Ecom_TC003_Login_DDT" name="LoginDDT" time="5.882">
    <failure type="java.lang.AssertionError" message="Login Failed - My Account not displayed...">
      <![CDATA[java.lang.AssertionError: Login Failed - My Account not displayed...
at ecom.testcase.Ecom_TC003_Login_DDT.LoginDDT(Ecom_TC003_Login_DDT.java:49)
at java.base/java.util.ArrayList.forEach(ArrayList.java:1511)
... Removed 28 stack frames]]>
    </failure>
  </testcase> <!-- LoginDDT -->
  <testcase classname="ecom.testcase.Ecom_TC003_Login_DDT" name="LoginDDT" time="6.211">
    <failure type="java.lang.AssertionError" message="Login Failed - My Account not displayed...">
      <![CDATA[java.lang.AssertionError: Login Failed - My Account not displayed...
at ecom.testcase.Ecom_TC003_Login_DDT.LoginDDT(Ecom_TC003_Login_DDT.java:49)
at java.base/java.util.ArrayList.forEach(ArrayList.java:1511)
... Removed 28 stack frames]]>
    </failure>
  </testcase> <!-- LoginDDT -->
  <testcase classname="ecom.testcase.Ecom_TC003_Login_DDT" name="LoginDDT" time="2.067"/>
</testsuite> <!-- Ecom_Tests_Suite -->
